<?xml version="1.0" encoding="UTF-8"?>
<testsuite xmlns:xsi="http://www.w3.org/2001/XMLSchema-instance" xsi:noNamespaceSchemaLocation="https://maven.apache.org/surefire/maven-surefire-plugin/xsd/surefire-test-report.xsd" name="com.example.demo.DemoApplicationTests" time="6.705" tests="1" errors="0" skipped="0" failures="0">
  <properties>
    <property name="sun.desktop" value="windows"/>
    <property name="awt.toolkit" value="sun.awt.windows.WToolkit"/>
    <property name="file.encoding.pkg" value="sun.io"/>
    <property name="java.specification.version" value="1.8"/>
    <property name="sun.cpu.isalist" value="amd64"/>
    <property name="sun.jnu.encoding" value="GBK"/>
    <property name="java.class.path" value="F:\codes\jenkins\target\test-classes;F:\codes\jenkins\target\classes;E:\m2\org\springframework\boot\spring-boot-starter\2.1.5.RELEASE\spring-boot-starter-2.1.5.RELEASE.jar;E:\m2\org\springframework\boot\spring-boot\2.1.5.RELEASE\spring-boot-2.1.5.RELEASE.jar;E:\m2\org\springframework\spring-context\5.1.7.RELEASE\spring-context-5.1.7.RELEASE.jar;E:\m2\org\springframework\boot\spring-boot-autoconfigure\2.1.5.RELEASE\spring-boot-autoconfigure-2.1.5.RELEASE.jar;E:\m2\org\springframework\boot\spring-boot-starter-logging\2.1.5.RELEASE\spring-boot-starter-logging-2.1.5.RELEASE.jar;E:\m2\ch\qos\logback\logback-classic\1.2.3\logback-classic-1.2.3.jar;E:\m2\ch\qos\logback\logback-core\1.2.3\logback-core-1.2.3.jar;E:\m2\org\apache\logging\log4j\log4j-to-slf4j\2.11.2\log4j-to-slf4j-2.11.2.jar;E:\m2\org\apache\logging\log4j\log4j-api\2.11.2\log4j-api-2.11.2.jar;E:\m2\org\slf4j\jul-to-slf4j\1.7.26\jul-to-slf4j-1.7.26.jar;E:\m2\javax\annotation\javax.annotation-api\1.3.2\javax.annotation-api-1.3.2.jar;E:\m2\org\springframework\spring-core\5.1.7.RELEASE\spring-core-5.1.7.RELEASE.jar;E:\m2\org\springframework\spring-jcl\5.1.7.RELEASE\spring-jcl-5.1.7.RELEASE.jar;E:\m2\org\yaml\snakeyaml\1.23\snakeyaml-1.23.jar;E:\m2\org\springframework\boot\spring-boot-starter-data-jpa\2.1.5.RELEASE\spring-boot-starter-data-jpa-2.1.5.RELEASE.jar;E:\m2\org\springframework\boot\spring-boot-starter-aop\2.1.5.RELEASE\spring-boot-starter-aop-2.1.5.RELEASE.jar;E:\m2\org\springframework\spring-aop\5.1.7.RELEASE\spring-aop-5.1.7.RELEASE.jar;E:\m2\org\aspectj\aspectjweaver\1.9.4\aspectjweaver-1.9.4.jar;E:\m2\org\springframework\boot\spring-boot-starter-jdbc\2.1.5.RELEASE\spring-boot-starter-jdbc-2.1.5.RELEASE.jar;E:\m2\com\zaxxer\HikariCP\3.2.0\HikariCP-3.2.0.jar;E:\m2\org\springframework\spring-jdbc\5.1.7.RELEASE\spring-jdbc-5.1.7.RELEASE.jar;E:\m2\javax\transaction\javax.transaction-api\1.3\javax.transaction-api-1.3.jar;E:\m2\javax\xml\bind\jaxb-api\2.3.1\jaxb-api-2.3.1.jar;E:\m2\javax\activation\javax.activation-api\1.2.0\javax.activation-api-1.2.0.jar;E:\m2\org\hibernate\hibernate-core\5.3.10.Final\hibernate-core-5.3.10.Final.jar;E:\m2\org\jboss\logging\jboss-logging\3.3.2.Final\jboss-logging-3.3.2.Final.jar;E:\m2\javax\persistence\javax.persistence-api\2.2\javax.persistence-api-2.2.jar;E:\m2\org\javassist\javassist\3.23.2-GA\javassist-3.23.2-GA.jar;E:\m2\net\bytebuddy\byte-buddy\1.9.12\byte-buddy-1.9.12.jar;E:\m2\antlr\antlr\2.7.7\antlr-2.7.7.jar;E:\m2\org\jboss\jandex\2.0.5.Final\jandex-2.0.5.Final.jar;E:\m2\com\fasterxml\classmate\1.4.0\classmate-1.4.0.jar;E:\m2\org\dom4j\dom4j\2.1.1\dom4j-2.1.1.jar;E:\m2\org\hibernate\common\hibernate-commons-annotations\5.0.4.Final\hibernate-commons-annotations-5.0.4.Final.jar;E:\m2\org\springframework\data\spring-data-jpa\2.1.8.RELEASE\spring-data-jpa-2.1.8.RELEASE.jar;E:\m2\org\springframework\data\spring-data-commons\2.1.8.RELEASE\spring-data-commons-2.1.8.RELEASE.jar;E:\m2\org\springframework\spring-orm\5.1.7.RELEASE\spring-orm-5.1.7.RELEASE.jar;E:\m2\org\springframework\spring-tx\5.1.7.RELEASE\spring-tx-5.1.7.RELEASE.jar;E:\m2\org\springframework\spring-beans\5.1.7.RELEASE\spring-beans-5.1.7.RELEASE.jar;E:\m2\org\slf4j\slf4j-api\1.7.26\slf4j-api-1.7.26.jar;E:\m2\org\springframework\spring-aspects\5.1.7.RELEASE\spring-aspects-5.1.7.RELEASE.jar;E:\m2\org\springframework\boot\spring-boot-starter-thymeleaf\2.1.5.RELEASE\spring-boot-starter-thymeleaf-2.1.5.RELEASE.jar;E:\m2\org\thymeleaf\thymeleaf-spring5\3.0.11.RELEASE\thymeleaf-spring5-3.0.11.RELEASE.jar;E:\m2\org\thymeleaf\thymeleaf\3.0.11.RELEASE\thymeleaf-3.0.11.RELEASE.jar;E:\m2\org\attoparser\attoparser\2.0.5.RELEASE\attoparser-2.0.5.RELEASE.jar;E:\m2\org\unbescape\unbescape\1.1.6.RELEASE\unbescape-1.1.6.RELEASE.jar;E:\m2\org\thymeleaf\extras\thymeleaf-extras-java8time\3.0.4.RELEASE\thymeleaf-extras-java8time-3.0.4.RELEASE.jar;E:\m2\net\sourceforge\nekohtml\nekohtml\1.9.22\nekohtml-1.9.22.jar;E:\m2\xerces\xercesImpl\2.11.0\xercesImpl-2.11.0.jar;E:\m2\xml-apis\xml-apis\1.4.01\xml-apis-1.4.01.jar;E:\m2\org\apache\shiro\shiro-spring\1.4.0\shiro-spring-1.4.0.jar;E:\m2\org\apache\shiro\shiro-core\1.4.0\shiro-core-1.4.0.jar;E:\m2\org\apache\shiro\shiro-lang\1.4.0\shiro-lang-1.4.0.jar;E:\m2\org\apache\shiro\shiro-cache\1.4.0\shiro-cache-1.4.0.jar;E:\m2\org\apache\shiro\shiro-crypto-hash\1.4.0\shiro-crypto-hash-1.4.0.jar;E:\m2\org\apache\shiro\shiro-crypto-core\1.4.0\shiro-crypto-core-1.4.0.jar;E:\m2\org\apache\shiro\shiro-crypto-cipher\1.4.0\shiro-crypto-cipher-1.4.0.jar;E:\m2\org\apache\shiro\shiro-config-core\1.4.0\shiro-config-core-1.4.0.jar;E:\m2\org\apache\shiro\shiro-config-ogdl\1.4.0\shiro-config-ogdl-1.4.0.jar;E:\m2\commons-beanutils\commons-beanutils\1.9.3\commons-beanutils-1.9.3.jar;E:\m2\commons-collections\commons-collections\3.2.2\commons-collections-3.2.2.jar;E:\m2\org\apache\shiro\shiro-event\1.4.0\shiro-event-1.4.0.jar;E:\m2\org\apache\shiro\shiro-web\1.4.0\shiro-web-1.4.0.jar;E:\m2\mysql\mysql-connector-java\8.0.16\mysql-connector-java-8.0.16.jar;E:\m2\org\springframework\boot\spring-boot-starter-web\2.1.5.RELEASE\spring-boot-starter-web-2.1.5.RELEASE.jar;E:\m2\org\springframework\boot\spring-boot-starter-json\2.1.5.RELEASE\spring-boot-starter-json-2.1.5.RELEASE.jar;E:\m2\com\fasterxml\jackson\core\jackson-databind\2.9.8\jackson-databind-2.9.8.jar;E:\m2\com\fasterxml\jackson\core\jackson-annotations\2.9.0\jackson-annotations-2.9.0.jar;E:\m2\com\fasterxml\jackson\core\jackson-core\2.9.8\jackson-core-2.9.8.jar;E:\m2\com\fasterxml\jackson\datatype\jackson-datatype-jdk8\2.9.8\jackson-datatype-jdk8-2.9.8.jar;E:\m2\com\fasterxml\jackson\datatype\jackson-datatype-jsr310\2.9.8\jackson-datatype-jsr310-2.9.8.jar;E:\m2\com\fasterxml\jackson\module\jackson-module-parameter-names\2.9.8\jackson-module-parameter-names-2.9.8.jar;E:\m2\org\springframework\boot\spring-boot-starter-tomcat\2.1.5.RELEASE\spring-boot-starter-tomcat-2.1.5.RELEASE.jar;E:\m2\org\apache\tomcat\embed\tomcat-embed-core\9.0.19\tomcat-embed-core-9.0.19.jar;E:\m2\org\apache\tomcat\embed\tomcat-embed-el\9.0.19\tomcat-embed-el-9.0.19.jar;E:\m2\org\apache\tomcat\embed\tomcat-embed-websocket\9.0.19\tomcat-embed-websocket-9.0.19.jar;E:\m2\org\hibernate\validator\hibernate-validator\6.0.16.Final\hibernate-validator-6.0.16.Final.jar;E:\m2\javax\validation\validation-api\2.0.1.Final\validation-api-2.0.1.Final.jar;E:\m2\org\springframework\spring-web\5.1.7.RELEASE\spring-web-5.1.7.RELEASE.jar;E:\m2\org\springframework\spring-webmvc\5.1.7.RELEASE\spring-webmvc-5.1.7.RELEASE.jar;E:\m2\org\springframework\spring-expression\5.1.7.RELEASE\spring-expression-5.1.7.RELEASE.jar;E:\m2\org\springframework\boot\spring-boot-devtools\2.1.5.RELEASE\spring-boot-devtools-2.1.5.RELEASE.jar;E:\m2\org\springframework\boot\spring-boot-starter-test\2.1.5.RELEASE\spring-boot-starter-test-2.1.5.RELEASE.jar;E:\m2\org\springframework\boot\spring-boot-test\2.1.5.RELEASE\spring-boot-test-2.1.5.RELEASE.jar;E:\m2\org\springframework\boot\spring-boot-test-autoconfigure\2.1.5.RELEASE\spring-boot-test-autoconfigure-2.1.5.RELEASE.jar;E:\m2\com\jayway\jsonpath\json-path\2.4.0\json-path-2.4.0.jar;E:\m2\net\minidev\json-smart\2.3\json-smart-2.3.jar;E:\m2\net\minidev\accessors-smart\1.2\accessors-smart-1.2.jar;E:\m2\org\ow2\asm\asm\5.0.4\asm-5.0.4.jar;E:\m2\junit\junit\4.12\junit-4.12.jar;E:\m2\org\assertj\assertj-core\3.11.1\assertj-core-3.11.1.jar;E:\m2\org\mockito\mockito-core\2.23.4\mockito-core-2.23.4.jar;E:\m2\net\bytebuddy\byte-buddy-agent\1.9.12\byte-buddy-agent-1.9.12.jar;E:\m2\org\objenesis\objenesis\2.6\objenesis-2.6.jar;E:\m2\org\hamcrest\hamcrest-core\1.3\hamcrest-core-1.3.jar;E:\m2\org\hamcrest\hamcrest-library\1.3\hamcrest-library-1.3.jar;E:\m2\org\skyscreamer\jsonassert\1.5.0\jsonassert-1.5.0.jar;E:\m2\com\vaadin\external\google\android-json\0.0.20131108.vaadin1\android-json-0.0.20131108.vaadin1.jar;E:\m2\org\springframework\spring-test\5.1.7.RELEASE\spring-test-5.1.7.RELEASE.jar;E:\m2\org\xmlunit\xmlunit-core\2.6.2\xmlunit-core-2.6.2.jar;"/>
    <property name="java.vm.vendor" value="Oracle Corporation"/>
    <property name="sun.arch.data.model" value="64"/>
    <property name="user.variant" value=""/>
    <property name="java.vendor.url" value="http://java.oracle.com/"/>
    <property name="user.timezone" value="Asia/Shanghai"/>
    <property name="user.country.format" value="US"/>
    <property name="java.vm.specification.version" value="1.8"/>
    <property name="os.name" value="Windows 10"/>
    <property name="user.country" value="CN"/>
    <property name="sun.java.launcher" value="SUN_STANDARD"/>
    <property name="sun.boot.library.path" value="C:\Program Files\Java\jdk1.8.0_211\jre\bin"/>
    <property name="sun.java.command" value="C:\Users\45208\AppData\Local\Temp\surefire4869677345219586496\surefirebooter8388230697395427587.jar C:\Users\45208\AppData\Local\Temp\surefire4869677345219586496 2019-05-26T16-01-47_072-jvmRun1 surefire4385486734707729600tmp surefire_03022484213784790946tmp"/>
    <property name="surefire.test.class.path" value="F:\codes\jenkins\target\test-classes;F:\codes\jenkins\target\classes;E:\m2\org\springframework\boot\spring-boot-starter\2.1.5.RELEASE\spring-boot-starter-2.1.5.RELEASE.jar;E:\m2\org\springframework\boot\spring-boot\2.1.5.RELEASE\spring-boot-2.1.5.RELEASE.jar;E:\m2\org\springframework\spring-context\5.1.7.RELEASE\spring-context-5.1.7.RELEASE.jar;E:\m2\org\springframework\boot\spring-boot-autoconfigure\2.1.5.RELEASE\spring-boot-autoconfigure-2.1.5.RELEASE.jar;E:\m2\org\springframework\boot\spring-boot-starter-logging\2.1.5.RELEASE\spring-boot-starter-logging-2.1.5.RELEASE.jar;E:\m2\ch\qos\logback\logback-classic\1.2.3\logback-classic-1.2.3.jar;E:\m2\ch\qos\logback\logback-core\1.2.3\logback-core-1.2.3.jar;E:\m2\org\apache\logging\log4j\log4j-to-slf4j\2.11.2\log4j-to-slf4j-2.11.2.jar;E:\m2\org\apache\logging\log4j\log4j-api\2.11.2\log4j-api-2.11.2.jar;E:\m2\org\slf4j\jul-to-slf4j\1.7.26\jul-to-slf4j-1.7.26.jar;E:\m2\javax\annotation\javax.annotation-api\1.3.2\javax.annotation-api-1.3.2.jar;E:\m2\org\springframework\spring-core\5.1.7.RELEASE\spring-core-5.1.7.RELEASE.jar;E:\m2\org\springframework\spring-jcl\5.1.7.RELEASE\spring-jcl-5.1.7.RELEASE.jar;E:\m2\org\yaml\snakeyaml\1.23\snakeyaml-1.23.jar;E:\m2\org\springframework\boot\spring-boot-starter-data-jpa\2.1.5.RELEASE\spring-boot-starter-data-jpa-2.1.5.RELEASE.jar;E:\m2\org\springframework\boot\spring-boot-starter-aop\2.1.5.RELEASE\spring-boot-starter-aop-2.1.5.RELEASE.jar;E:\m2\org\springframework\spring-aop\5.1.7.RELEASE\spring-aop-5.1.7.RELEASE.jar;E:\m2\org\aspectj\aspectjweaver\1.9.4\aspectjweaver-1.9.4.jar;E:\m2\org\springframework\boot\spring-boot-starter-jdbc\2.1.5.RELEASE\spring-boot-starter-jdbc-2.1.5.RELEASE.jar;E:\m2\com\zaxxer\HikariCP\3.2.0\HikariCP-3.2.0.jar;E:\m2\org\springframework\spring-jdbc\5.1.7.RELEASE\spring-jdbc-5.1.7.RELEASE.jar;E:\m2\javax\transaction\javax.transaction-api\1.3\javax.transaction-api-1.3.jar;E:\m2\javax\xml\bind\jaxb-api\2.3.1\jaxb-api-2.3.1.jar;E:\m2\javax\activation\javax.activation-api\1.2.0\javax.activation-api-1.2.0.jar;E:\m2\org\hibernate\hibernate-core\5.3.10.Final\hibernate-core-5.3.10.Final.jar;E:\m2\org\jboss\logging\jboss-logging\3.3.2.Final\jboss-logging-3.3.2.Final.jar;E:\m2\javax\persistence\javax.persistence-api\2.2\javax.persistence-api-2.2.jar;E:\m2\org\javassist\javassist\3.23.2-GA\javassist-3.23.2-GA.jar;E:\m2\net\bytebuddy\byte-buddy\1.9.12\byte-buddy-1.9.12.jar;E:\m2\antlr\antlr\2.7.7\antlr-2.7.7.jar;E:\m2\org\jboss\jandex\2.0.5.Final\jandex-2.0.5.Final.jar;E:\m2\com\fasterxml\classmate\1.4.0\classmate-1.4.0.jar;E:\m2\org\dom4j\dom4j\2.1.1\dom4j-2.1.1.jar;E:\m2\org\hibernate\common\hibernate-commons-annotations\5.0.4.Final\hibernate-commons-annotations-5.0.4.Final.jar;E:\m2\org\springframework\data\spring-data-jpa\2.1.8.RELEASE\spring-data-jpa-2.1.8.RELEASE.jar;E:\m2\org\springframework\data\spring-data-commons\2.1.8.RELEASE\spring-data-commons-2.1.8.RELEASE.jar;E:\m2\org\springframework\spring-orm\5.1.7.RELEASE\spring-orm-5.1.7.RELEASE.jar;E:\m2\org\springframework\spring-tx\5.1.7.RELEASE\spring-tx-5.1.7.RELEASE.jar;E:\m2\org\springframework\spring-beans\5.1.7.RELEASE\spring-beans-5.1.7.RELEASE.jar;E:\m2\org\slf4j\slf4j-api\1.7.26\slf4j-api-1.7.26.jar;E:\m2\org\springframework\spring-aspects\5.1.7.RELEASE\spring-aspects-5.1.7.RELEASE.jar;E:\m2\org\springframework\boot\spring-boot-starter-thymeleaf\2.1.5.RELEASE\spring-boot-starter-thymeleaf-2.1.5.RELEASE.jar;E:\m2\org\thymeleaf\thymeleaf-spring5\3.0.11.RELEASE\thymeleaf-spring5-3.0.11.RELEASE.jar;E:\m2\org\thymeleaf\thymeleaf\3.0.11.RELEASE\thymeleaf-3.0.11.RELEASE.jar;E:\m2\org\attoparser\attoparser\2.0.5.RELEASE\attoparser-2.0.5.RELEASE.jar;E:\m2\org\unbescape\unbescape\1.1.6.RELEASE\unbescape-1.1.6.RELEASE.jar;E:\m2\org\thymeleaf\extras\thymeleaf-extras-java8time\3.0.4.RELEASE\thymeleaf-extras-java8time-3.0.4.RELEASE.jar;E:\m2\net\sourceforge\nekohtml\nekohtml\1.9.22\nekohtml-1.9.22.jar;E:\m2\xerces\xercesImpl\2.11.0\xercesImpl-2.11.0.jar;E:\m2\xml-apis\xml-apis\1.4.01\xml-apis-1.4.01.jar;E:\m2\org\apache\shiro\shiro-spring\1.4.0\shiro-spring-1.4.0.jar;E:\m2\org\apache\shiro\shiro-core\1.4.0\shiro-core-1.4.0.jar;E:\m2\org\apache\shiro\shiro-lang\1.4.0\shiro-lang-1.4.0.jar;E:\m2\org\apache\shiro\shiro-cache\1.4.0\shiro-cache-1.4.0.jar;E:\m2\org\apache\shiro\shiro-crypto-hash\1.4.0\shiro-crypto-hash-1.4.0.jar;E:\m2\org\apache\shiro\shiro-crypto-core\1.4.0\shiro-crypto-core-1.4.0.jar;E:\m2\org\apache\shiro\shiro-crypto-cipher\1.4.0\shiro-crypto-cipher-1.4.0.jar;E:\m2\org\apache\shiro\shiro-config-core\1.4.0\shiro-config-core-1.4.0.jar;E:\m2\org\apache\shiro\shiro-config-ogdl\1.4.0\shiro-config-ogdl-1.4.0.jar;E:\m2\commons-beanutils\commons-beanutils\1.9.3\commons-beanutils-1.9.3.jar;E:\m2\commons-collections\commons-collections\3.2.2\commons-collections-3.2.2.jar;E:\m2\org\apache\shiro\shiro-event\1.4.0\shiro-event-1.4.0.jar;E:\m2\org\apache\shiro\shiro-web\1.4.0\shiro-web-1.4.0.jar;E:\m2\mysql\mysql-connector-java\8.0.16\mysql-connector-java-8.0.16.jar;E:\m2\org\springframework\boot\spring-boot-starter-web\2.1.5.RELEASE\spring-boot-starter-web-2.1.5.RELEASE.jar;E:\m2\org\springframework\boot\spring-boot-starter-json\2.1.5.RELEASE\spring-boot-starter-json-2.1.5.RELEASE.jar;E:\m2\com\fasterxml\jackson\core\jackson-databind\2.9.8\jackson-databind-2.9.8.jar;E:\m2\com\fasterxml\jackson\core\jackson-annotations\2.9.0\jackson-annotations-2.9.0.jar;E:\m2\com\fasterxml\jackson\core\jackson-core\2.9.8\jackson-core-2.9.8.jar;E:\m2\com\fasterxml\jackson\datatype\jackson-datatype-jdk8\2.9.8\jackson-datatype-jdk8-2.9.8.jar;E:\m2\com\fasterxml\jackson\datatype\jackson-datatype-jsr310\2.9.8\jackson-datatype-jsr310-2.9.8.jar;E:\m2\com\fasterxml\jackson\module\jackson-module-parameter-names\2.9.8\jackson-module-parameter-names-2.9.8.jar;E:\m2\org\springframework\boot\spring-boot-starter-tomcat\2.1.5.RELEASE\spring-boot-starter-tomcat-2.1.5.RELEASE.jar;E:\m2\org\apache\tomcat\embed\tomcat-embed-core\9.0.19\tomcat-embed-core-9.0.19.jar;E:\m2\org\apache\tomcat\embed\tomcat-embed-el\9.0.19\tomcat-embed-el-9.0.19.jar;E:\m2\org\apache\tomcat\embed\tomcat-embed-websocket\9.0.19\tomcat-embed-websocket-9.0.19.jar;E:\m2\org\hibernate\validator\hibernate-validator\6.0.16.Final\hibernate-validator-6.0.16.Final.jar;E:\m2\javax\validation\validation-api\2.0.1.Final\validation-api-2.0.1.Final.jar;E:\m2\org\springframework\spring-web\5.1.7.RELEASE\spring-web-5.1.7.RELEASE.jar;E:\m2\org\springframework\spring-webmvc\5.1.7.RELEASE\spring-webmvc-5.1.7.RELEASE.jar;E:\m2\org\springframework\spring-expression\5.1.7.RELEASE\spring-expression-5.1.7.RELEASE.jar;E:\m2\org\springframework\boot\spring-boot-devtools\2.1.5.RELEASE\spring-boot-devtools-2.1.5.RELEASE.jar;E:\m2\org\springframework\boot\spring-boot-starter-test\2.1.5.RELEASE\spring-boot-starter-test-2.1.5.RELEASE.jar;E:\m2\org\springframework\boot\spring-boot-test\2.1.5.RELEASE\spring-boot-test-2.1.5.RELEASE.jar;E:\m2\org\springframework\boot\spring-boot-test-autoconfigure\2.1.5.RELEASE\spring-boot-test-autoconfigure-2.1.5.RELEASE.jar;E:\m2\com\jayway\jsonpath\json-path\2.4.0\json-path-2.4.0.jar;E:\m2\net\minidev\json-smart\2.3\json-smart-2.3.jar;E:\m2\net\minidev\accessors-smart\1.2\accessors-smart-1.2.jar;E:\m2\org\ow2\asm\asm\5.0.4\asm-5.0.4.jar;E:\m2\junit\junit\4.12\junit-4.12.jar;E:\m2\org\assertj\assertj-core\3.11.1\assertj-core-3.11.1.jar;E:\m2\org\mockito\mockito-core\2.23.4\mockito-core-2.23.4.jar;E:\m2\net\bytebuddy\byte-buddy-agent\1.9.12\byte-buddy-agent-1.9.12.jar;E:\m2\org\objenesis\objenesis\2.6\objenesis-2.6.jar;E:\m2\org\hamcrest\hamcrest-core\1.3\hamcrest-core-1.3.jar;E:\m2\org\hamcrest\hamcrest-library\1.3\hamcrest-library-1.3.jar;E:\m2\org\skyscreamer\jsonassert\1.5.0\jsonassert-1.5.0.jar;E:\m2\com\vaadin\external\google\android-json\0.0.20131108.vaadin1\android-json-0.0.20131108.vaadin1.jar;E:\m2\org\springframework\spring-test\5.1.7.RELEASE\spring-test-5.1.7.RELEASE.jar;E:\m2\org\xmlunit\xmlunit-core\2.6.2\xmlunit-core-2.6.2.jar;"/>
    <property name="sun.cpu.endian" value="little"/>
    <property name="user.home" value="C:\Users\45208"/>
    <property name="user.language" value="zh"/>
    <property name="java.specification.vendor" value="Oracle Corporation"/>
    <property name="java.home" value="C:\Program Files\Java\jdk1.8.0_211\jre"/>
    <property name="basedir" value="F:\codes\jenkins"/>
    <property name="file.separator" value="\"/>
    <property name="line.separator" value="&#10;"/>
    <property name="java.vm.specification.vendor" value="Oracle Corporation"/>
    <property name="java.specification.name" value="Java Platform API Specification"/>
    <property name="java.awt.graphicsenv" value="sun.awt.Win32GraphicsEnvironment"/>
    <property name="surefire.real.class.path" value="C:\Users\45208\AppData\Local\Temp\surefire4869677345219586496\surefirebooter8388230697395427587.jar"/>
    <property name="sun.boot.class.path" value="C:\Program Files\Java\jdk1.8.0_211\jre\lib\resources.jar;C:\Program Files\Java\jdk1.8.0_211\jre\lib\rt.jar;C:\Program Files\Java\jdk1.8.0_211\jre\lib\sunrsasign.jar;C:\Program Files\Java\jdk1.8.0_211\jre\lib\jsse.jar;C:\Program Files\Java\jdk1.8.0_211\jre\lib\jce.jar;C:\Program Files\Java\jdk1.8.0_211\jre\lib\charsets.jar;C:\Program Files\Java\jdk1.8.0_211\jre\lib\jfr.jar;C:\Program Files\Java\jdk1.8.0_211\jre\classes"/>
    <property name="user.script" value=""/>
    <property name="sun.management.compiler" value="HotSpot 64-Bit Tiered Compilers"/>
    <property name="java.runtime.version" value="1.8.0_211-b12"/>
    <property name="user.name" value="45208"/>
    <property name="path.separator" value=";"/>
    <property name="os.version" value="10.0"/>
    <property name="java.endorsed.dirs" value="C:\Program Files\Java\jdk1.8.0_211\jre\lib\endorsed"/>
    <property name="java.runtime.name" value="Java(TM) SE Runtime Environment"/>
    <property name="file.encoding" value="GBK"/>
    <property name="java.vm.name" value="Java HotSpot(TM) 64-Bit Server VM"/>
    <property name="localRepository" value="E:\m2"/>
    <property name="java.vendor.url.bug" value="http://bugreport.sun.com/bugreport/"/>
    <property name="java.io.tmpdir" value="C:\Users\45208\AppData\Local\Temp\"/>
    <property name="java.version" value="1.8.0_211"/>
    <property name="user.dir" value="F:\codes\jenkins"/>
    <property name="os.arch" value="amd64"/>
    <property name="java.vm.specification.name" value="Java Virtual Machine Specification"/>
    <property name="java.awt.printerjob" value="sun.awt.windows.WPrinterJob"/>
    <property name="user.language.format" value="en"/>
    <property name="sun.os.patch.level" value=""/>
    <property name="java.library.path" value="C:\Program Files\Java\jdk1.8.0_211\jre\bin;C:\WINDOWS\Sun\Java\bin;C:\WINDOWS\system32;C:\WINDOWS;C:\Program Files (x86)\Common Files\Oracle\Java\javapath;C:\WINDOWS\system32;C:\WINDOWS;C:\WINDOWS\System32\Wbem;C:\WINDOWS\System32\WindowsPowerShell\v1.0\;C:\Program Files (x86)\ATI Technologies\ATI.ACE\Core-Static;C:\Program Files\Java\jdk1.8.0_211\bin;C:\Program Files\Java\jdk1.8.0_211\jre\bin;C:\WINDOWS\System32\OpenSSH\;C:\Program Files\Git\cmd;F:\devTools\apache-maven-3.5.0\bin;C:\Users\45208\AppData\Local\Programs\Python\Python37\Scripts\;C:\Users\45208\AppData\Local\Programs\Python\Python37\;%USERPROFILE%\AppData\Local\Microsoft\WindowsApps;;."/>
    <property name="java.vm.info" value="mixed mode"/>
    <property name="java.vendor" value="Oracle Corporation"/>
    <property name="java.vm.version" value="25.211-b12"/>
    <property name="java.ext.dirs" value="C:\Program Files\Java\jdk1.8.0_211\jre\lib\ext;C:\WINDOWS\Sun\Java\lib\ext"/>
    <property name="sun.io.unicode.encoding" value="UnicodeLittle"/>
    <property name="java.class.version" value="52.0"/>
  </properties>
  <testcase name="contextLoads" classname="com.example.demo.DemoApplicationTests" time="0.053"/>
</testsuite>